<?xml version="1.0" encoding="UTF-8"?>
<!-- Generated by org.testng.reporters.JUnitReportReporter -->
<testsuite skipped="0" hostname="DESKTOP-UUGGR5U" name="com.amazon.pkg.Sample1" tests="2" failures="0" timestamp="03 Nov 2022 16:26:40 GMT" time="0.031" errors="0">
  <testcase name="me" time="0.021" classname="com.amazon.pkg.Sample1"/>
  <testcase name="mee" time="0.010" classname="com.amazon.pkg.Sample1"/>
</testsuite> <!-- com.amazon.pkg.Sample1 -->
