<?xml version="1.0" encoding="UTF-8"?>
<!-- Generated by org.testng.reporters.JUnitReportReporter -->
<testsuite name="com.amazon.testng.CbrowserParallelExe" tests="1" time="0.016" ignored="0" failures="0" timestamp="11 Nov 2022 09:46:54 GMT" skipped="0" hostname="DESKTOP-UUGGR5U" errors="0">
  <testcase name="test" time="0.016" classname="com.amazon.testng.CbrowserParallelExe"/>
</testsuite> <!-- com.amazon.testng.CbrowserParallelExe -->
