<?xml version="1.0" encoding="UTF-8"?>
<!-- Generated by org.testng.reporters.JUnitReportReporter -->
<testsuite skipped="9" hostname="DESKTOP-UUGGR5U" name="com.amazon.pkg.Sample3" tests="9" failures="0" timestamp="06 Nov 2022 15:06:36 GMT" time="0.000" errors="0">
  <testcase name="Test1" time="0.000" classname="com.amazon.pkg.Sample3">
    <skipped/>
  </testcase> <!-- Test1 -->
  <testcase name="Test1" time="0.000" classname="com.amazon.pkg.Sample3">
    <skipped/>
  </testcase> <!-- Test1 -->
  <testcase name="Test1" time="0.000" classname="com.amazon.pkg.Sample3">
    <skipped/>
  </testcase> <!-- Test1 -->
  <testcase name="Test2" time="0.000" classname="com.amazon.pkg.Sample3">
    <skipped/>
  </testcase> <!-- Test2 -->
  <testcase name="Test2" time="0.000" classname="com.amazon.pkg.Sample3">
    <skipped/>
  </testcase> <!-- Test2 -->
  <testcase name="Test2" time="0.000" classname="com.amazon.pkg.Sample3">
    <skipped/>
  </testcase> <!-- Test2 -->
  <testcase name="Test3" time="0.000" classname="com.amazon.pkg.Sample3">
    <skipped/>
  </testcase> <!-- Test3 -->
  <testcase name="Test3" time="0.000" classname="com.amazon.pkg.Sample3">
    <skipped/>
  </testcase> <!-- Test3 -->
  <testcase name="Test3" time="0.000" classname="com.amazon.pkg.Sample3">
    <skipped/>
  </testcase> <!-- Test3 -->
</testsuite> <!-- com.amazon.pkg.Sample3 -->
