<?xml version="1.0" encoding="UTF-8"?>
<!-- Generated by org.testng.reporters.JUnitReportReporter -->
<testsuite name="com.amazon.testng.Dependsonmethod3" tests="2" time="0.063" ignored="0" failures="0" timestamp="11 Nov 2022 10:56:37 GMT" skipped="0" hostname="DESKTOP-UUGGR5U" errors="0">
  <testcase name="test1" time="0.000" classname="com.amazon.testng.Dependsonmethod3"/>
  <testcase name="test" time="0.063" classname="com.amazon.testng.Dependsonmethod3"/>
</testsuite> <!-- com.amazon.testng.Dependsonmethod3 -->
