<?xml version="1.0" encoding="UTF-8"?>
<!-- Generated by org.testng.reporters.JUnitReportReporter -->
<testsuite name="com.amazon.testng.DependsonMethod1" tests="2" time="0.047" ignored="0" failures="0" timestamp="11 Nov 2022 10:28:29 GMT" skipped="0" hostname="DESKTOP-UUGGR5U" errors="0">
  <testcase name="pnrStatus" time="0.016" classname="com.amazon.testng.DependsonMethod1"/>
  <testcase name="booking" time="0.031" classname="com.amazon.testng.DependsonMethod1"/>
</testsuite> <!-- com.amazon.testng.DependsonMethod1 -->
