<?xml version="1.0" encoding="UTF-8"?>
<!-- Generated by org.testng.reporters.JUnitReportReporter -->
<testsuite name="com.amazon.testng.PriorityMethod" tests="6" time="0.047" ignored="0" failures="0" timestamp="11 Nov 2022 08:33:21 GMT" skipped="0" hostname="DESKTOP-UUGGR5U" errors="0">
  <testcase name="test5" time="0.000" classname="com.amazon.testng.PriorityMethod"/>
  <testcase name="test3" time="0.000" classname="com.amazon.testng.PriorityMethod"/>
  <testcase name="test4" time="0.015" classname="com.amazon.testng.PriorityMethod"/>
  <testcase name="test1" time="0.016" classname="com.amazon.testng.PriorityMethod"/>
  <testcase name="test6" time="0.016" classname="com.amazon.testng.PriorityMethod"/>
  <testcase name="test2" time="0.000" classname="com.amazon.testng.PriorityMethod"/>
</testsuite> <!-- com.amazon.testng.PriorityMethod -->
