<?xml version="1.0" encoding="UTF-8"?>
<!-- Generated by org.testng.reporters.JUnitReportReporter -->
<testsuite name="com.amazon.testng.ParallelExe" tests="1" time="0.000" ignored="0" failures="0" timestamp="11 Nov 2022 10:13:15 GMT" skipped="0" hostname="DESKTOP-UUGGR5U" errors="0">
  <testcase name="Test1" time="0.000" classname="com.amazon.testng.ParallelExe"/>
</testsuite> <!-- com.amazon.testng.ParallelExe -->
